<?xml version="1.0" encoding="UTF-8"?>
<!-- Generated by org.testng.reporters.JUnitXMLReporter -->
<testsuite ignored="0" hostname="G240LTRV" failures="1" tests="1" name="Selenium" time="0.115" errors="0" timestamp="2024-07-12T09:39:12 IST">
  <testcase classname="com.automation.testng.SoftAssertExample" name="softAssertTest" time="0.024">
    <failure type="java.lang.AssertionError" message="The following asserts failed:
	expected [12] but found [11],
	expected [12] but found [25],
	expected [true] but found [false]">
      <![CDATA[java.lang.AssertionError: The following asserts failed:
expected [12] but found [11],
expected [12] but found [25],
expected [true] but found [false]
at com.automation.testng.SoftAssertExample.softAssertTest(SoftAssertExample.java:15)
at java.base/java.util.ArrayList.forEach(ArrayList.java:1511)
at com.intellij.rt.testng.IDEARemoteTestNG.run(IDEARemoteTestNG.java:65)
at com.intellij.rt.testng.RemoteTestNGStarter.main(RemoteTestNGStarter.java:105)
... Removed 26 stack frames]]>
    </failure>
  </testcase> <!-- softAssertTest -->
</testsuite> <!-- Selenium -->
